Flow report for spdif
Wed Jun 02 12:49:04 2021
Quartus Prime Version 17.1.0 Build 590 10/25/2017 SJ Lite Edition


---------------------
; Table of Contents ;
---------------------
  1. Legal Notice
  2. Flow Summary
  3. Flow Settings
  4. Flow Non-Default Global Settings
  5. Flow Elapsed Time
  6. Flow OS Summary
  7. Flow Log
  8. Flow Messages
  9. Flow Suppressed Messages



----------------
; Legal Notice ;
----------------
Copyright (C) 2017  Intel Corporation. All rights reserved.
Your use of Intel Corporation's design tools, logic functions 
and other software and tools, and its AMPP partner logic 
functions, and any output files from any of the foregoing 
(including device programming or simulation files), and any 
associated documentation or information are expressly subject 
to the terms and conditions of the Intel Program License 
Subscription Agreement, the Intel Quartus Prime License Agreement,
the Intel FPGA IP License Agreement, or other applicable license
agreement, including, without limitation, that your use is for
the sole purpose of programming logic devices manufactured by
Intel and sold by Intel or its authorized distributors.  Please
refer to the applicable agreement for further details.



+----------------------------------------------------------------------------------+
; Flow Summary                                                                     ;
+------------------------------------+---------------------------------------------+
; Flow Status                        ; Successful - Wed Jun 02 12:49:04 2021       ;
; Quartus Prime Version              ; 17.1.0 Build 590 10/25/2017 SJ Lite Edition ;
; Revision Name                      ; spdif                                       ;
; Top-level Entity Name              ; audio_spdif                                 ;
; Family                             ; Cyclone 10 LP                               ;
; Device                             ; 10CL006YU256A7G                             ;
; Timing Models                      ; Final                                       ;
; Total logic elements               ; 305 / 6,272 ( 5 % )                         ;
;     Total combinational functions  ; 211 / 6,272 ( 3 % )                         ;
;     Dedicated logic registers      ; 218 / 6,272 ( 3 % )                         ;
; Total registers                    ; 218                                         ;
; Total pins                         ; 87 / 177 ( 49 % )                           ;
; Total virtual pins                 ; 0                                           ;
; Total memory bits                  ; 0 / 276,480 ( 0 % )                         ;
; Embedded Multiplier 9-bit elements ; 0 / 30 ( 0 % )                              ;
; Total PLLs                         ; 0 / 2 ( 0 % )                               ;
+------------------------------------+---------------------------------------------+


+-----------------------------------------+
; Flow Settings                           ;
+-------------------+---------------------+
; Option            ; Setting             ;
+-------------------+---------------------+
; Start date & time ; 06/02/2021 12:48:38 ;
; Main task         ; Compilation         ;
; Revision Name     ; spdif               ;
+-------------------+---------------------+


+-----------------------------------------------------------------------------------------------------------------------------------+
; Flow Non-Default Global Settings                                                                                                  ;
+--------------------------------------+----------------------------------------+---------------+-------------+---------------------+
; Assignment Name                      ; Value                                  ; Default Value ; Entity Name ; Section Id          ;
+--------------------------------------+----------------------------------------+---------------+-------------+---------------------+
; COMPILER_SIGNATURE_ID                ; 10995770589236.162260931815712         ; --            ; --          ; --                  ;
; EDA_DESIGN_INSTANCE_NAME             ; NA                                     ; --            ; --          ; audio_spdif_vlg_tst ;
; EDA_NATIVELINK_SIMULATION_TEST_BENCH ; audio_spdif_vlg_tst                    ; --            ; --          ; eda_simulation      ;
; EDA_OUTPUT_DATA_FORMAT               ; Verilog Hdl                            ; --            ; --          ; eda_simulation      ;
; EDA_SIMULATION_TOOL                  ; ModelSim-Altera (Verilog)              ; <None>        ; --          ; --                  ;
; EDA_TEST_BENCH_ENABLE_STATUS         ; TEST_BENCH_MODE                        ; --            ; --          ; eda_simulation      ;
; EDA_TEST_BENCH_FILE                  ; simulation/modelsim/audio_spdif.vt     ; --            ; --          ; audio_spdif_vlg_tst ;
; EDA_TEST_BENCH_MODULE_NAME           ; audio_spdif_vlg_tst                    ; --            ; --          ; audio_spdif_vlg_tst ;
; EDA_TEST_BENCH_NAME                  ; audio_spdif_vlg_tst                    ; --            ; --          ; eda_simulation      ;
; EDA_TEST_BENCH_RUN_SIM_FOR           ; 5 us                                   ; --            ; --          ; audio_spdif_vlg_tst ;
; EDA_TIME_SCALE                       ; 1 ps                                   ; --            ; --          ; eda_simulation      ;
; MAX_CORE_JUNCTION_TEMP               ; 125                                    ; --            ; --          ; --                  ;
; MIN_CORE_JUNCTION_TEMP               ; -40                                    ; --            ; --          ; --                  ;
; PARTITION_COLOR                      ; -- (Not supported for targeted family) ; --            ; audio_spdif ; Top                 ;
; PARTITION_FITTER_PRESERVATION_LEVEL  ; -- (Not supported for targeted family) ; --            ; audio_spdif ; Top                 ;
; PARTITION_NETLIST_TYPE               ; -- (Not supported for targeted family) ; --            ; audio_spdif ; Top                 ;
; POWER_BOARD_THERMAL_MODEL            ; None (CONSERVATIVE)                    ; --            ; --          ; --                  ;
; POWER_PRESET_COOLING_SOLUTION        ; 23 MM HEAT SINK WITH 200 LFPM AIRFLOW  ; --            ; --          ; --                  ;
; PROJECT_OUTPUT_DIRECTORY             ; output_files                           ; --            ; --          ; --                  ;
; TOP_LEVEL_ENTITY                     ; audio_spdif                            ; spdif         ; --          ; --                  ;
+--------------------------------------+----------------------------------------+---------------+-------------+---------------------+


+-------------------------------------------------------------------------------------------------------------------------------+
; Flow Elapsed Time                                                                                                             ;
+---------------------------+--------------+-------------------------+---------------------+------------------------------------+
; Module Name               ; Elapsed Time ; Average Processors Used ; Peak Virtual Memory ; Total CPU Time (on all processors) ;
+---------------------------+--------------+-------------------------+---------------------+------------------------------------+
; Analysis & Synthesis      ; 00:00:12     ; 1.0                     ; 4746 MB             ; 00:00:27                           ;
; Fitter                    ; 00:00:07     ; 1.0                     ; 5426 MB             ; 00:00:08                           ;
; Assembler                 ; 00:00:01     ; 1.0                     ; 4667 MB             ; 00:00:01                           ;
; TimeQuest Timing Analyzer ; 00:00:02     ; 1.1                     ; 4756 MB             ; 00:00:02                           ;
; EDA Netlist Writer        ; 00:00:01     ; 1.0                     ; 4639 MB             ; 00:00:01                           ;
; Total                     ; 00:00:23     ; --                      ; --                  ; 00:00:39                           ;
+---------------------------+--------------+-------------------------+---------------------+------------------------------------+


+-----------------------------------------------------------------------------------------+
; Flow OS Summary                                                                         ;
+---------------------------+------------------+------------+------------+----------------+
; Module Name               ; Machine Hostname ; OS Name    ; OS Version ; Processor type ;
+---------------------------+------------------+------------+------------+----------------+
; Analysis & Synthesis      ; ZZZCY            ; Windows 10 ; 10.0       ; x86_64         ;
; Fitter                    ; ZZZCY            ; Windows 10 ; 10.0       ; x86_64         ;
; Assembler                 ; ZZZCY            ; Windows 10 ; 10.0       ; x86_64         ;
; TimeQuest Timing Analyzer ; ZZZCY            ; Windows 10 ; 10.0       ; x86_64         ;
; EDA Netlist Writer        ; ZZZCY            ; Windows 10 ; 10.0       ; x86_64         ;
+---------------------------+------------------+------------+------------+----------------+


------------
; Flow Log ;
------------
quartus_map --read_settings_files=on --write_settings_files=off spdif -c spdif
quartus_fit --read_settings_files=off --write_settings_files=off spdif -c spdif
quartus_asm --read_settings_files=off --write_settings_files=off spdif -c spdif
quartus_sta spdif -c spdif
quartus_eda --read_settings_files=off --write_settings_files=off spdif -c spdif



