Flow report for AES
Tue May 18 20:06:56 2021
Quartus Prime Version 17.1.0 Build 590 10/25/2017 SJ Lite Edition


---------------------
; Table of Contents ;
---------------------
  1. Legal Notice
  2. Flow Summary
  3. Flow Settings
  4. Flow Non-Default Global Settings
  5. Flow Elapsed Time
  6. Flow OS Summary
  7. Flow Log
  8. Flow Messages
  9. Flow Suppressed Messages



----------------
; Legal Notice ;
----------------
Copyright (C) 2017  Intel Corporation. All rights reserved.
Your use of Intel Corporation's design tools, logic functions 
and other software and tools, and its AMPP partner logic 
functions, and any output files from any of the foregoing 
(including device programming or simulation files), and any 
associated documentation or information are expressly subject 
to the terms and conditions of the Intel Program License 
Subscription Agreement, the Intel Quartus Prime License Agreement,
the Intel FPGA IP License Agreement, or other applicable license
agreement, including, without limitation, that your use is for
the sole purpose of programming logic devices manufactured by
Intel and sold by Intel or its authorized distributors.  Please
refer to the applicable agreement for further details.



+----------------------------------------------------------------------------------+
; Flow Summary                                                                     ;
+------------------------------------+---------------------------------------------+
; Flow Status                        ; Successful - Tue May 18 20:06:56 2021       ;
; Quartus Prime Version              ; 17.1.0 Build 590 10/25/2017 SJ Lite Edition ;
; Revision Name                      ; AES                                         ;
; Top-level Entity Name              ; AES_top                                     ;
; Family                             ; Cyclone 10 LP                               ;
; Device                             ; 10CL120YF780C8G                             ;
; Timing Models                      ; Final                                       ;
; Total logic elements               ; 10,597 / 119,088 ( 9 % )                    ;
;     Total combinational functions  ; 8,313 / 119,088 ( 7 % )                     ;
;     Dedicated logic registers      ; 5,376 / 119,088 ( 5 % )                     ;
; Total registers                    ; 5376                                        ;
; Total pins                         ; 514 / 526 ( 98 % )                          ;
; Total virtual pins                 ; 0                                           ;
; Total memory bits                  ; 368,640 / 3,981,312 ( 9 % )                 ;
; Embedded Multiplier 9-bit elements ; 0 / 576 ( 0 % )                             ;
; Total PLLs                         ; 0 / 4 ( 0 % )                               ;
+------------------------------------+---------------------------------------------+


+-----------------------------------------+
; Flow Settings                           ;
+-------------------+---------------------+
; Option            ; Setting             ;
+-------------------+---------------------+
; Start date & time ; 05/18/2021 20:03:39 ;
; Main task         ; Compilation         ;
; Revision Name     ; AES                 ;
+-------------------+---------------------+


+------------------------------------------------------------------------------------------------------------------------------+
; Flow Non-Default Global Settings                                                                                             ;
+--------------------------------------+----------------------------------------+---------------+-------------+----------------+
; Assignment Name                      ; Value                                  ; Default Value ; Entity Name ; Section Id     ;
+--------------------------------------+----------------------------------------+---------------+-------------+----------------+
; COMPILER_SIGNATURE_ID                ; 10995770589203.162133941908096         ; --            ; --          ; --             ;
; EDA_DESIGN_INSTANCE_NAME             ; NA                                     ; --            ; --          ; AES_top_tb     ;
; EDA_DESIGN_INSTANCE_NAME             ; NA                                     ; --            ; --          ; AES_encryp_top ;
; EDA_DESIGN_INSTANCE_NAME             ; NA                                     ; --            ; --          ; AES_decryp_top ;
; EDA_GENERATE_FUNCTIONAL_NETLIST      ; On                                     ; --            ; --          ; eda_simulation ;
; EDA_NATIVELINK_SIMULATION_TEST_BENCH ; AES_top_tb                             ; --            ; --          ; eda_simulation ;
; EDA_OUTPUT_DATA_FORMAT               ; Verilog Hdl                            ; --            ; --          ; eda_simulation ;
; EDA_SIMULATION_TOOL                  ; ModelSim-Altera (Verilog)              ; <None>        ; --          ; --             ;
; EDA_TEST_BENCH_ENABLE_STATUS         ; TEST_BENCH_MODE                        ; --            ; --          ; eda_simulation ;
; EDA_TEST_BENCH_FILE                  ; AES_top_tb.v                           ; --            ; --          ; AES_top_tb     ;
; EDA_TEST_BENCH_FILE                  ; AES_encryp_top.vt                      ; --            ; --          ; AES_encryp_top ;
; EDA_TEST_BENCH_FILE                  ; AES_decryp_top.vt                      ; --            ; --          ; AES_decryp_top ;
; EDA_TEST_BENCH_MODULE_NAME           ; AES_top_tb                             ; --            ; --          ; AES_top_tb     ;
; EDA_TEST_BENCH_MODULE_NAME           ; AES_encryp_top_vlg_tst                 ; --            ; --          ; AES_encryp_top ;
; EDA_TEST_BENCH_MODULE_NAME           ; AES_decryp_top_vlg_tst                 ; --            ; --          ; AES_decryp_top ;
; EDA_TEST_BENCH_NAME                  ; AES_encryp_top                         ; --            ; --          ; eda_simulation ;
; EDA_TEST_BENCH_NAME                  ; AES_decryp_top                         ; --            ; --          ; eda_simulation ;
; EDA_TEST_BENCH_NAME                  ; AES_top_tb                             ; --            ; --          ; eda_simulation ;
; EDA_TEST_BENCH_RUN_SIM_FOR           ; 3 us                                   ; --            ; --          ; AES_top_tb     ;
; EDA_TEST_BENCH_RUN_SIM_FOR           ; 1 us                                   ; --            ; --          ; AES_encryp_top ;
; EDA_TEST_BENCH_RUN_SIM_FOR           ; 1 us                                   ; --            ; --          ; AES_decryp_top ;
; EDA_TIME_SCALE                       ; 1 ps                                   ; --            ; --          ; eda_simulation ;
; MAX_CORE_JUNCTION_TEMP               ; 85                                     ; --            ; --          ; --             ;
; MIN_CORE_JUNCTION_TEMP               ; 0                                      ; --            ; --          ; --             ;
; MISC_FILE                            ; rom_2p_bb.v                            ; --            ; --          ; --             ;
; MISC_FILE                            ; rom_2p_inverse_bb.v                    ; --            ; --          ; --             ;
; PARTITION_COLOR                      ; -- (Not supported for targeted family) ; --            ; AES_top     ; Top            ;
; PARTITION_FITTER_PRESERVATION_LEVEL  ; -- (Not supported for targeted family) ; --            ; AES_top     ; Top            ;
; PARTITION_NETLIST_TYPE               ; -- (Not supported for targeted family) ; --            ; AES_top     ; Top            ;
; POWER_BOARD_THERMAL_MODEL            ; None (CONSERVATIVE)                    ; --            ; --          ; --             ;
; POWER_PRESET_COOLING_SOLUTION        ; 23 MM HEAT SINK WITH 200 LFPM AIRFLOW  ; --            ; --          ; --             ;
; PROJECT_OUTPUT_DIRECTORY             ; output_files                           ; --            ; --          ; --             ;
; TOP_LEVEL_ENTITY                     ; AES_top                                ; AES           ; --          ; --             ;
+--------------------------------------+----------------------------------------+---------------+-------------+----------------+


+-------------------------------------------------------------------------------------------------------------------------------+
; Flow Elapsed Time                                                                                                             ;
+---------------------------+--------------+-------------------------+---------------------+------------------------------------+
; Module Name               ; Elapsed Time ; Average Processors Used ; Peak Virtual Memory ; Total CPU Time (on all processors) ;
+---------------------------+--------------+-------------------------+---------------------+------------------------------------+
; Analysis & Synthesis      ; 00:00:33     ; 1.0                     ; 4921 MB             ; 00:00:49                           ;
; Fitter                    ; 00:02:21     ; 1.2                     ; 5823 MB             ; 00:04:11                           ;
; Assembler                 ; 00:00:04     ; 1.0                     ; 4742 MB             ; 00:00:04                           ;
; TimeQuest Timing Analyzer ; 00:00:07     ; 1.5                     ; 4981 MB             ; 00:00:10                           ;
; EDA Netlist Writer        ; 00:00:02     ; 1.0                     ; 4726 MB             ; 00:00:03                           ;
; Total                     ; 00:03:07     ; --                      ; --                  ; 00:05:17                           ;
+---------------------------+--------------+-------------------------+---------------------+------------------------------------+


+-----------------------------------------------------------------------------------------+
; Flow OS Summary                                                                         ;
+---------------------------+------------------+------------+------------+----------------+
; Module Name               ; Machine Hostname ; OS Name    ; OS Version ; Processor type ;
+---------------------------+------------------+------------+------------+----------------+
; Analysis & Synthesis      ; ZZZCY            ; Windows 10 ; 10.0       ; x86_64         ;
; Fitter                    ; ZZZCY            ; Windows 10 ; 10.0       ; x86_64         ;
; Assembler                 ; ZZZCY            ; Windows 10 ; 10.0       ; x86_64         ;
; TimeQuest Timing Analyzer ; ZZZCY            ; Windows 10 ; 10.0       ; x86_64         ;
; EDA Netlist Writer        ; ZZZCY            ; Windows 10 ; 10.0       ; x86_64         ;
+---------------------------+------------------+------------+------------+----------------+


------------
; Flow Log ;
------------
quartus_map --read_settings_files=on --write_settings_files=off AES -c AES
quartus_fit --read_settings_files=off --write_settings_files=off AES -c AES
quartus_asm --read_settings_files=off --write_settings_files=off AES -c AES
quartus_sta AES -c AES
quartus_eda --read_settings_files=off --write_settings_files=off AES -c AES



